Unity Editor version:    6000.2.14f1 (589824c1fc31)
Branch:                  6000.2/staging
Build type:              Release
Batch mode:              YES
System name:             Linux
Distro version:          #1 SMP PREEMPT_DYNAMIC Fri, 19 Dec 2025 01:23:45 +0000
Kernel version:          6.18.2-2-cachyos
Architecture:            x86_64
Window Protocol:         Wayland (XWayland)
Available memory:        32001 MB
Date:                    2025-12-20T23:05:11Z
[Licensing::Module] Trying to connect to existing licensing client channel...
[Licensing::IpcConnector] Successfully connected to: "LicenseClient-rhiannon" at "2025-12-20T23:05:11.5925Z"
[SignatureVerifier] Application signature verification not supported on this platform.
[Licensing::Client] Handshaking with LicensingClient:
  Version:                 1.17.4+4293ba1
  Session Id:              8c6ca8c284414f2c8a31b6d6bb7835c4
  Correlation Id:          6e007487a9ebe9aa2dda8de345523249
  External correlation Id: 5567606666388016308
  Machine Id:              uWgANzsd+Z7wjXEsI+lt9PoilnA=
[Licensing::Module] Successfully connected to LicensingClient on channel: "LicenseClient-rhiannon" (connect: 0.00s, validation: 0.00s, handshake: 0.00s)
[Licensing::IpcConnector] Successfully connected to: "LicenseClient-rhiannon-notifications" at "2025-12-20T23:05:11.59348Z"
[Licensing::Module] Licensing Background thread has ended after 0.00s
Selected window backend: (null) 
Desktop is 7280 x 1440 @ 60 Hz
Initialize udev device monitor.

COMMAND LINE ARGUMENTS:
Unity
-adb2
-batchMode
-noUpm
-name
AssetImportWorker3
-projectPath
/home/rhiannon/Test-Project
-logFile
Logs/AssetImportWorker3.log
-srvPort
42005
-licensingIpc
LicenseClient-rhiannon
-job-worker-count
11
-background-job-worker-count
8
-gc-helper-count
1
Successfully changed project path to: /home/rhiannon/Test-Project

(Unity:88164): Gtk-CRITICAL **: 10:05:12.095: gtk_label_set_text: assertion 'GTK_IS_LABEL (label)' failed

(Unity:88164): Gtk-CRITICAL **: 10:05:12.096: gtk_label_set_text: assertion 'GTK_IS_LABEL (label)' failed
/home/rhiannon/Test-Project
[UnityMemory] Configuration Parameters - Can be set up in boot.config
    "memorysetup-allocator-temp-initial-block-size-main=262144"
    "memorysetup-allocator-temp-initial-block-size-worker=262144"
    "memorysetup-bucket-allocator-granularity=16"
    "memorysetup-bucket-allocator-bucket-count=8"
    "memorysetup-bucket-allocator-block-size=33554432"
    "memorysetup-bucket-allocator-block-count=8"
    "memorysetup-main-allocator-block-size=16777216"
    "memorysetup-thread-allocator-block-size=16777216"
    "memorysetup-gfx-main-allocator-block-size=16777216"
    "memorysetup-gfx-thread-allocator-block-size=16777216"
    "memorysetup-cache-allocator-block-size=4194304"
    "memorysetup-typetree-allocator-block-size=2097152"
    "memorysetup-profiler-bucket-allocator-granularity=16"
    "memorysetup-profiler-bucket-allocator-bucket-count=8"
    "memorysetup-profiler-bucket-allocator-block-size=33554432"
    "memorysetup-profiler-bucket-allocator-block-count=8"
    "memorysetup-profiler-allocator-block-size=16777216"
    "memorysetup-profiler-editor-allocator-block-size=1048576"
    "memorysetup-temp-allocator-size-main=16777216"
    "memorysetup-job-temp-allocator-block-size=2097152"
    "memorysetup-job-temp-allocator-block-size-background=1048576"
    "memorysetup-job-temp-allocator-reduction-small-platforms=262144"
    "memorysetup-temp-allocator-size-background-worker=32768"
    "memorysetup-temp-allocator-size-job-worker=262144"
    "memorysetup-temp-allocator-size-preload-manager=33554432"
    "memorysetup-temp-allocator-size-nav-mesh-worker=65536"
    "memorysetup-temp-allocator-size-audio-worker=65536"
    "memorysetup-temp-allocator-size-cloud-worker=32768"
    "memorysetup-temp-allocator-size-gi-baking-worker=262144"
    "memorysetup-temp-allocator-size-gi-baking-worker=262144"
    "memorysetup-temp-allocator-size-gi-baking-worker=262144"
    "memorysetup-temp-allocator-size-gi-baking-worker=262144"
    "memorysetup-temp-allocator-size-gi-baking-worker=262144"
    "memorysetup-temp-allocator-size-gfx=262144"
Player connection [139894963620992]  Target information:

Player connection [139894963620992]  * "[IP] 192.168.1.16 [Port] 0 [Flags] 2 [Guid] 4098154136 [EditorId] 4098154136 [Version] 1048832 [Id] LinuxEditor(16,192.168.1.16) [Debug] 1 [PackageName] LinuxEditor [ProjectName] Editor" 

Player connection [139894963620992]  * "[IP] 172.18.0.1 [Port] 0 [Flags] 2 [Guid] 4098154136 [EditorId] 4098154136 [Version] 1048832 [Id] LinuxEditor(16,192.168.1.16) [Debug] 1 [PackageName] LinuxEditor [ProjectName] Editor" 

Player connection [139894963620992]  * "[IP] 172.17.0.1 [Port] 0 [Flags] 2 [Guid] 4098154136 [EditorId] 4098154136 [Version] 1048832 [Id] LinuxEditor(16,192.168.1.16) [Debug] 1 [PackageName] LinuxEditor [ProjectName] Editor" 

Player connection [139894963620992] Host joined multi-casting on [225.0.0.222:54997]...
Player connection [139894963620992] Host joined alternative multi-casting on [225.0.0.222:34997]...
JobSystem: Creating JobQueue using job-worker-count value 11
Input System module state changed to: Initialized.
[Physics::Module] Initialized fallback backend.
[Physics::Module] Id: 0xdecafbad
Library Redirect Path: Library/
[Physics::Module] Selected backend.
[Physics::Module] Name: PhysX
[Physics::Module] Id: 0xf2b8ea05
[Physics::Module] SDK Version: 4.1.2
[Physics::Module] Integration Version: 1.0.0
[Physics::Module] Threading Mode: Multi-Threaded
Refreshing native plugins compatible for Editor in 1.28 ms, found 0 plugins.
Preloading 0 native plugins for Editor in 0.00 ms.
Initialize engine version: 6000.2.14f1 (589824c1fc31)
[Subsystems] Discovering subsystems at path /home/rhiannon/Unity/Hub/Editor/6000.2.14f1/Editor/Data/Resources/UnitySubsystems
[Subsystems] Discovering subsystems at path /home/rhiannon/Test-Project/Assets
kGfxThreadingModeNonThreaded is not supported on OpenGL Core. Reverting to kGfxThreadingModeDirect instead.
GfxDevice: creating device client; kGfxThreadingModeDirect
GLX Extensions: GLX_ARB_context_flush_control GLX_ARB_create_context GLX_ARB_create_context_no_error GLX_ARB_create_context_profile GLX_ARB_create_context_robustness GLX_ARB_fbconfig_float GLX_ARB_framebuffer_sRGB GLX_ARB_get_proc_address GLX_ARB_multisample GLX_EXT_buffer_age GLX_EXT_create_context_es2_profile GLX_EXT_create_context_es_profile GLX_EXT_fbconfig_packed_float GLX_EXT_framebuffer_sRGB GLX_EXT_no_config_context GLX_EXT_swap_control GLX_EXT_swap_control_tear GLX_EXT_texture_from_pixmap GLX_EXT_visual_info GLX_EXT_visual_rating GLX_MESA_copy_sub_buffer GLX_MESA_gl_interop GLX_MESA_query_renderer GLX_MESA_swap_control GLX_OML_sync_control GLX_SGIS_multisample GLX_SGIX_fbconfig GLX_SGIX_pbuffer GLX_SGIX_visual_select_group GLX_SGI_make_current_read GLX_SGI_video_sync 
Renderer: AMD Radeon RX 6950 XT (radeonsi, navi21, LLVM 21.1.6, DRM 3.64, 6.18.2-2-cachyos)
Vendor:   AMD
Version:  4.6 (Core Profile) Mesa 25.3.2-arch1.2
GLES:     0
 GL_AMD_conservative_depth GL_AMD_depth_clamp_separate GL_AMD_draw_buffers_blend GL_AMD_framebuffer_multisample_advanced GL_AMD_gpu_shader_int64 GL_AMD_multi_draw_indirect GL_AMD_performance_monitor GL_AMD_pinned_memory GL_AMD_query_buffer_object GL_AMD_seamless_cubemap_per_texture GL_AMD_shader_stencil_export GL_AMD_shader_trinary_minmax GL_AMD_texture_texture4 GL_AMD_vertex_shader_layer GL_AMD_vertex_shader_viewport_index GL_ANGLE_texture_compression_dxt3 GL_ANGLE_texture_compression_dxt5 GL_ARB_ES2_compatibility GL_ARB_ES3_1_compatibility GL_ARB_ES3_2_compatibility GL_ARB_ES3_compatibility GL_ARB_arrays_of_arrays GL_ARB_base_instance GL_ARB_bindless_texture GL_ARB_blend_func_extended GL_ARB_buffer_storage GL_ARB_clear_buffer_object GL_ARB_clear_texture GL_ARB_clip_control GL_ARB_color_buffer_float GL_ARB_compressed_texture_pixel_storage GL_ARB_compute_shader GL_ARB_compute_variable_group_size GL_ARB_conditional_render_inverted GL_ARB_conservative_depth GL_ARB_copy_buffer GL_ARB_copy_image GL_ARB_cull_dist
ance GL_ARB_debug_output GL_ARB_depth_buffer_float GL_ARB_depth_clamp GL_ARB_derivative_control GL_ARB_direct_state_access GL_ARB_draw_buffers GL_ARB_draw_buffers_blend GL_ARB_draw_elements_base_vertex GL_ARB_draw_indirect GL_ARB_draw_instanced GL_ARB_enhanced_layouts GL_ARB_explicit_attrib_location GL_ARB_explicit_uniform_location GL_ARB_fragment_coord_conventions GL_ARB_fragment_layer_viewport GL_ARB_fragment_shader GL_ARB_framebuffer_no_attachments GL_ARB_framebuffer_object GL_ARB_framebuffer_sRGB GL_ARB_get_program_binary GL_ARB_get_texture_sub_image GL_ARB_gl_spirv GL_ARB_gpu_shader5 GL_ARB_gpu_shader_fp64 GL_ARB_gpu_shader_int64 GL_ARB_half_float_pixel GL_ARB_half_float_vertex GL_ARB_indirect_parameters GL_ARB_instanced_arrays GL_ARB_internalformat_query GL_ARB_internalformat_query2 GL_ARB_invalidate_subdata GL_ARB_map_buffer_alignment GL_ARB_map_buffer_range GL_ARB_multi_bind GL_ARB_multi_draw_indirect GL_ARB_occlusion_query2 GL_ARB_parallel_shader_compile GL_ARB_pipeline_statistics_query GL_ARB_pixel
_buffer_object GL_ARB_point_sprite GL_ARB_polygon_offset_clamp GL_ARB_post_depth_coverage GL_ARB_program_interface_query GL_ARB_provoking_vertex GL_ARB_query_buffer_object GL_ARB_robust_buffer_access_behavior GL_ARB_robustness GL_ARB_sample_shading GL_ARB_sampler_objects GL_ARB_seamless_cube_map GL_ARB_seamless_cubemap_per_texture GL_ARB_separate_shader_objects GL_ARB_shader_atomic_counter_ops GL_ARB_shader_atomic_counters GL_ARB_shader_ballot GL_ARB_shader_bit_encoding GL_ARB_shader_clock GL_ARB_shader_draw_parameters GL_ARB_shader_group_vote GL_ARB_shader_image_load_store GL_ARB_shader_image_size GL_ARB_shader_objects GL_ARB_shader_precision GL_ARB_shader_stencil_export GL_ARB_shader_storage_buffer_object GL_ARB_shader_subroutine GL_ARB_shader_texture_image_samples GL_ARB_shader_texture_lod GL_ARB_shader_viewport_layer_array GL_ARB_shading_language_420pack GL_ARB_shading_language_include GL_ARB_shading_language_packing GL_ARB_sparse_buffer GL_ARB_sparse_texture GL_ARB_sparse_texture2 GL_ARB_sparse_texture_
clamp GL_ARB_spirv_extensions GL_ARB_stencil_texturing GL_ARB_sync GL_ARB_tessellation_shader GL_ARB_texture_barrier GL_ARB_texture_border_clamp GL_ARB_texture_buffer_object GL_ARB_texture_buffer_object_rgb32 GL_ARB_texture_buffer_range GL_ARB_texture_compression_bptc GL_ARB_texture_compression_rgtc GL_ARB_texture_cube_map_array GL_ARB_texture_filter_anisotropic GL_ARB_texture_filter_minmax GL_ARB_texture_float GL_ARB_texture_gather GL_ARB_texture_mirror_clamp_to_edge GL_ARB_texture_multisample GL_ARB_texture_non_power_of_two GL_ARB_texture_query_levels GL_ARB_texture_query_lod GL_ARB_texture_rectangle GL_ARB_texture_rg GL_ARB_texture_rgb10_a2ui GL_ARB_texture_stencil8 GL_ARB_texture_storage GL_ARB_texture_storage_multisample GL_ARB_texture_swizzle GL_ARB_texture_view GL_ARB_timer_query GL_ARB_transform_feedback2 GL_ARB_transform_feedback3 GL_ARB_transform_feedback_instanced GL_ARB_transform_feedback_overflow_query GL_ARB_uniform_buffer_object GL_ARB_vertex_array_bgra GL_ARB_vertex_array_object GL_ARB_vertex
_attrib_64bit GL_ARB_vertex_attrib_binding GL_ARB_vertex_buffer_object GL_ARB_vertex_shader GL_ARB_vertex_type_10f_11f_11f_rev GL_ARB_vertex_type_2_10_10_10_rev GL_ARB_viewport_array GL_ATI_blend_equation_separate GL_ATI_meminfo GL_ATI_texture_float GL_ATI_texture_mirror_once GL_EXT_EGL_image_storage GL_EXT_EGL_image_storage_compression GL_EXT_EGL_sync GL_EXT_abgr GL_EXT_blend_equation_separate GL_EXT_debug_label GL_EXT_demote_to_helper_invocation GL_EXT_depth_bounds_test GL_EXT_draw_buffers2 GL_EXT_draw_instanced GL_EXT_framebuffer_blit GL_EXT_framebuffer_multisample GL_EXT_framebuffer_multisample_blit_scaled GL_EXT_framebuffer_object GL_EXT_framebuffer_sRGB GL_EXT_memory_object GL_EXT_memory_object_fd GL_EXT_packed_depth_stencil GL_EXT_packed_float GL_EXT_pixel_buffer_object GL_EXT_polygon_offset_clamp GL_EXT_provoking_vertex GL_EXT_semaphore GL_EXT_semaphore_fd GL_EXT_shader_clock GL_EXT_shader_image_load_formatted GL_EXT_shader_image_load_store GL_EXT_shader_integer_mix GL_EXT_shader_samples_identical GL
_EXT_texture_array GL_EXT_texture_compression_dxt1 GL_EXT_texture_compression_rgtc GL_EXT_texture_compression_s3tc GL_EXT_texture_filter_anisotropic GL_EXT_texture_filter_minmax GL_EXT_texture_integer GL_EXT_texture_mirror_clamp GL_EXT_texture_sRGB GL_EXT_texture_sRGB_R8 GL_EXT_texture_sRGB_RG8 GL_EXT_texture_sRGB_decode GL_EXT_texture_shadow_lod GL_EXT_texture_shared_exponent GL_EXT_texture_snorm GL_EXT_texture_storage GL_EXT_texture_swizzle GL_EXT_timer_query GL_EXT_transform_feedback GL_EXT_vertex_array_bgra GL_EXT_vertex_attrib_64bit GL_EXT_window_rectangles GL_IBM_multimode_draw_arrays GL_INTEL_blackhole_render GL_KHR_blend_equation_advanced GL_KHR_context_flush_control GL_KHR_debug GL_KHR_no_error GL_KHR_parallel_shader_compile GL_KHR_robust_buffer_access_behavior GL_KHR_robustness GL_KHR_shader_subgroup GL_KHR_texture_compression_astc_ldr GL_KHR_texture_compression_astc_sliced_3d GL_MESA_framebuffer_flip_y GL_MESA_pack_invert GL_MESA_shader_integer_functions GL_MESA_texture_const_bandwidth GL_MESA_tex
ture_signed_rgba GL_NVX_gpu_memory_info GL_NV_alpha_to_coverage_dither_control GL_NV_compute_shader_derivatives GL_NV_conditional_render GL_NV_copy_image GL_NV_depth_clamp GL_NV_packed_depth_stencil GL_NV_shader_atomic_int64 GL_NV_texture_barrier GL_OES_EGL_image GL_S3_s3tc
OPENGL LOG: Creating OpenGL 4.6 graphics device ; Context level  <OpenGL 4.5> ; Context handle -1622728272
Shader Hidden/ProbeVolume/VoxelizeScene is not supported: GPU does not support conservative rasterization
Initialize mono
Mono path[0] = '/home/rhiannon/Unity/Hub/Editor/6000.2.14f1/Editor/Data/Managed'
Mono path[1] = '/home/rhiannon/Unity/Hub/Editor/6000.2.14f1/Editor/Data/MonoBleedingEdge/lib/mono/unityjit-linux'
Mono config path = '/home/rhiannon/Unity/Hub/Editor/6000.2.14f1/Editor/Data/MonoBleedingEdge/etc'
Using monoOptions --debugger-agent=transport=dt_socket,embedding=1,server=y,suspend=n,address=127.0.0.1:56164
Begin MonoManager ReloadAssembly
Registering precompiled unity dll's ...
Register platform support module: /home/rhiannon/Unity/Hub/Editor/6000.2.14f1/Editor/Data/PlaybackEngines/WebGLSupport/UnityEditor.WebGL.Extensions.dll
Trying to register platform support module: /home/rhiannon/Unity/Hub/Editor/6000.2.14f1/Editor/Data/PlaybackEngines/MacStandaloneSupport/UnityEditor.OSXStandalone.Extensions.dll (that doesn't exist). Retrying without overrides.
Platform support module is not available: /home/rhiannon/Unity/Hub/Editor/6000.2.14f1/Editor/Data/PlaybackEngines/MacStandaloneSupport/UnityEditor.OSXStandalone.Extensions.dll
Trying to register platform support module: /home/rhiannon/Unity/Hub/Editor/6000.2.14f1/Editor/Data/PlaybackEngines/WindowsStandaloneSupport/UnityEditor.WindowsStandalone.Extensions.dll (that doesn't exist). Retrying without overrides.
Platform support module is not available: /home/rhiannon/Unity/Hub/Editor/6000.2.14f1/Editor/Data/PlaybackEngines/WindowsStandaloneSupport/UnityEditor.WindowsStandalone.Extensions.dll
Register platform support module: /home/rhiannon/Unity/Hub/Editor/6000.2.14f1/Editor/Data/PlaybackEngines/LinuxStandaloneSupport/UnityEditor.LinuxStandalone.Extensions.dll
Registered in 0.001505 seconds.
- Loaded All Assemblies, in  0.240 seconds
Native extension for LinuxStandalone target not found
Native extension for WebGL target not found
Mono: successfully reloaded assembly
- Finished resetting the current domain, in  0.305 seconds
Domain Reload Profiling: 545ms
	BeginReloadAssembly (53ms)
		ExecutionOrderSort (0ms)
		DisableScriptedObjects (0ms)
		BackupInstance (0ms)
		ReleaseScriptingObjects (0ms)
		CreateAndSetChildDomain (0ms)
	RebuildCommonClasses (30ms)
	RebuildNativeTypeToScriptingClass (7ms)
	initialDomainReloadingComplete (38ms)
	LoadAllAssembliesAndSetupDomain (112ms)
		LoadAssemblies (52ms)
		RebuildTransferFunctionScriptingTraits (0ms)
		AnalyzeDomain (111ms)
			TypeCache.Refresh (110ms)
				TypeCache.ScanAssembly (101ms)
			BuildScriptInfoCaches (0ms)
			ResolveRequiredComponents (0ms)
	FinalizeReload (305ms)
		ReleaseScriptCaches (0ms)
		RebuildScriptCaches (0ms)
		SetupLoadedEditorAssemblies (271ms)
			LogAssemblyErrors (0ms)
			InitializePlatformSupportModulesInManaged (81ms)
			SetLoadedEditorAssemblies (3ms)
			BeforeProcessingInitializeOnLoad (50ms)
			ProcessInitializeOnLoadAttributes (100ms)
			ProcessInitializeOnLoadMethodAttributes (37ms)
			AfterProcessingInitializeOnLoad (0ms)
			EditorAssembliesLoaded (0ms)
		ExecutionOrderSort2 (0ms)
		AwakeInstancesAfterBackupRestoration (0ms)
========================================================================
Worker process is ready to serve import requests
Import Worker Mode flag is 0x00
Begin MonoManager ReloadAssembly
[Licensing::Client] Successfully resolved entitlement details
[Licensing::Module] License group:
  Id: 16768291832327-UnityPersXXXX
  Product: Unity Personal
  Type: Assigned
  Expiration: Unlimited
- Loaded All Assemblies, in  0.493 seconds
Refreshing native plugins compatible for Editor in 0.20 ms, found 0 plugins.
Native extension for LinuxStandalone target not found
Native extension for WebGL target not found
Package Manager log level set to [2]
[Package Manager] Failed to launch server process. Reason: Unity was launched with the -noUpm command-line argument
[Package Manager] Unable to send message (not connected to server process).
[Package Manager] Cannot connect to Unity Package Manager local server
UpdateMenuTitleForLanguage: 10
[MODES] ModeService[none].Initialize
[MODES] ModeService[none].LoadModes
[MODES] Loading mode Default (0) for mode-current-id-Test Project
Mono: successfully reloaded assembly
- Finished resetting the current domain, in  0.552 seconds
Domain Reload Profiling: 1042ms
	BeginReloadAssembly (88ms)
		ExecutionOrderSort (0ms)
		DisableScriptedObjects (4ms)
		BackupInstance (0ms)
		ReleaseScriptingObjects (0ms)
		CreateAndSetChildDomain (25ms)
	RebuildCommonClasses (27ms)
	RebuildNativeTypeToScriptingClass (6ms)
	initialDomainReloadingComplete (29ms)
	LoadAllAssembliesAndSetupDomain (340ms)
		LoadAssemblies (173ms)
		RebuildTransferFunctionScriptingTraits (0ms)
		AnalyzeDomain (200ms)
			TypeCache.Refresh (152ms)
				TypeCache.ScanAssembly (142ms)
			BuildScriptInfoCaches (39ms)
			ResolveRequiredComponents (7ms)
	FinalizeReload (552ms)
		ReleaseScriptCaches (0ms)
		RebuildScriptCaches (0ms)
		SetupLoadedEditorAssemblies (425ms)
			LogAssemblyErrors (0ms)
			InitializePlatformSupportModulesInManaged (23ms)
			SetLoadedEditorAssemblies (4ms)
			BeforeProcessingInitializeOnLoad (88ms)
			ProcessInitializeOnLoadAttributes (243ms)
			ProcessInitializeOnLoadMethodAttributes (63ms)
			AfterProcessingInitializeOnLoad (3ms)
			EditorAssembliesLoaded (0ms)
		ExecutionOrderSort2 (0ms)
		AwakeInstancesAfterBackupRestoration (2ms)
Shader Hidden/ProbeVolume/VoxelizeScene is not supported: GPU does not support conservative rasterization
AutoLocale: current locale expects 'C' but got 'en_AU.UTF-8'Launched and connected shader compiler UnityShaderCompiler after 0.00 seconds
Refreshing native plugins compatible for Editor in 0.25 ms, found 0 plugins.
Preloading 0 native plugins for Editor in 0.00 ms.
Unloading 27 Unused Serialized files (Serialized files now loaded: 0)
Unloading 6804 unused Assets / (7.5 MB). Loaded Objects now: 7573.
Memory consumption went from 138.7 MB to 131.2 MB.
Total: 8.336371 ms (FindLiveObjects: 0.506407 ms CreateObjectMapping: 0.719566 ms MarkObjects: 5.063800 ms  DeleteObjects: 2.045978 ms)

========================================================================
Received Import Request.
  Time since last request: 4655.505096 seconds.
  path: Assets/boxes_pack/Prefab
  artifactKey: Guid(c3e1a5a5bee6bbf468497ed02156cfcd) Importer(815301076,1909f56bfc062723c751e8b465ee728b)
Start importing Assets/boxes_pack/Prefab using Guid(c3e1a5a5bee6bbf468497ed02156cfcd) Importer(815301076,1909f56bfc062723c751e8b465ee728b) (PreviewImporter) -> (artifact id: 'd700ba7008114d1b69927138907cce1c') in 0.002740894 seconds
Number of updated asset objects reloaded before import = 0Number of asset objects unloaded after import = 0

========================================================================
Received Import Request.
  Time since last request: 0.059187 seconds.
  path: Assets/boxes_pack/Prefab/box_ammo.prefab
  artifactKey: Guid(4656138d9606a80408030bdc231b1233) Importer(815301076,1909f56bfc062723c751e8b465ee728b)
Start importing Assets/boxes_pack/Prefab/box_ammo.prefab using Guid(4656138d9606a80408030bdc231b1233) Importer(815301076,1909f56bfc062723c751e8b465ee728b) (PreviewImporter) -> (artifact id: '689464422031094cfb6967f005633610') in 0.325853912 seconds
Number of updated asset objects reloaded before import = 0Number of asset objects unloaded after import = 25

========================================================================
Received Import Request.
  Time since last request: 0.000016 seconds.
  path: Assets/boxes_pack/Prefab/pbr_box_supply.prefab
  artifactKey: Guid(a991ce3caab51f44889616a93b745f92) Importer(815301076,1909f56bfc062723c751e8b465ee728b)
Start importing Assets/boxes_pack/Prefab/pbr_box_supply.prefab using Guid(a991ce3caab51f44889616a93b745f92) Importer(815301076,1909f56bfc062723c751e8b465ee728b) (PreviewImporter) -> (artifact id: 'c95aee65a91f840d0952a197c2ce02f1') in 0.032477128 seconds
Number of updated asset objects reloaded before import = 0Number of asset objects unloaded after import = 27

========================================================================
Received Import Request.
  Time since last request: 0.000043 seconds.
  path: Assets/boxes_pack/Prefab/pbr_box_med.prefab
  artifactKey: Guid(464802a8183dc9348be0c5e743e5e792) Importer(815301076,1909f56bfc062723c751e8b465ee728b)
Start importing Assets/boxes_pack/Prefab/pbr_box_med.prefab using Guid(464802a8183dc9348be0c5e743e5e792) Importer(815301076,1909f56bfc062723c751e8b465ee728b) (PreviewImporter) -> (artifact id: 'd73a5241c0d5e52bad4dc98a1e322c26') in 0.005429968 seconds
Number of updated asset objects reloaded before import = 0Number of asset objects unloaded after import = 27

========================================================================
Received Import Request.
  Time since last request: 2.091328 seconds.
  path: Assets/boxes_pack/Materials
  artifactKey: Guid(15ef0a76478fa88499dc811cc2a4fad4) Importer(815301076,1909f56bfc062723c751e8b465ee728b)
Start importing Assets/boxes_pack/Materials using Guid(15ef0a76478fa88499dc811cc2a4fad4) Importer(815301076,1909f56bfc062723c751e8b465ee728b) (PreviewImporter) -> (artifact id: 'f1d686cda69ee933274fa511d51975ff') in 0.000305428 seconds
Number of updated asset objects reloaded before import = 0Number of asset objects unloaded after import = 0

========================================================================
Received Import Request.
  Time since last request: 0.043671 seconds.
  path: Assets/boxes_pack/Materials/box_ammo.mat
  artifactKey: Guid(e79ae95429235264d93c3ad5628aa9a8) Importer(815301076,1909f56bfc062723c751e8b465ee728b)
Start importing Assets/boxes_pack/Materials/box_ammo.mat using Guid(e79ae95429235264d93c3ad5628aa9a8) Importer(815301076,1909f56bfc062723c751e8b465ee728b) (PreviewImporter) -> (artifact id: 'd1e7ef12211e61456ff1078b780d2986') in 0.013967798 seconds
Number of updated asset objects reloaded before import = 0Number of asset objects unloaded after import = 3

========================================================================
Received Import Request.
  Time since last request: 0.000015 seconds.
  path: Assets/boxes_pack/Materials/pbr_box_supply.mat
  artifactKey: Guid(f7322d1245cced745b60f5b18bcbc68b) Importer(815301076,1909f56bfc062723c751e8b465ee728b)
Start importing Assets/boxes_pack/Materials/pbr_box_supply.mat using Guid(f7322d1245cced745b60f5b18bcbc68b) Importer(815301076,1909f56bfc062723c751e8b465ee728b) (PreviewImporter) -> (artifact id: '99fa12cdf5fd3c57362a5fd280dc34b2') in 0.004834441 seconds
Number of updated asset objects reloaded before import = 0Number of asset objects unloaded after import = 5

========================================================================
Received Import Request.
  Time since last request: 0.000020 seconds.
  path: Assets/boxes_pack/Materials/pbr_box_med.mat
  artifactKey: Guid(eaabdd2d0150a014eb2cf94f33aadfcc) Importer(815301076,1909f56bfc062723c751e8b465ee728b)
Start importing Assets/boxes_pack/Materials/pbr_box_med.mat using Guid(eaabdd2d0150a014eb2cf94f33aadfcc) Importer(815301076,1909f56bfc062723c751e8b465ee728b) (PreviewImporter) -> (artifact id: '192c10b8a50d8fa13a3618002fe5a275') in 0.004387074 seconds
Number of updated asset objects reloaded before import = 0Number of asset objects unloaded after import = 5

========================================================================
Received Import Request.
  Time since last request: 0.675591 seconds.
  path: Assets/boxes_pack/Materials/Textures/box_ammo_n.tga
  artifactKey: Guid(ea9925ec5b4e0334e880f676dde474f8) Importer(815301076,1909f56bfc062723c751e8b465ee728b)
Start importing Assets/boxes_pack/Materials/Textures/box_ammo_n.tga using Guid(ea9925ec5b4e0334e880f676dde474f8) Importer(815301076,1909f56bfc062723c751e8b465ee728b) (PreviewImporter) -> (artifact id: '8186dc925dd336313b14dfe8bd069dd1') in 0.013384101 seconds
Number of updated asset objects reloaded before import = 0Number of asset objects unloaded after import = 2

========================================================================
Received Import Request.
  Time since last request: 6.873957 seconds.
  path: Assets/boxes_pack/Materials/box_med.mat
  artifactKey: Guid(963644726f4ac664b93746f576b2556d) Importer(815301076,1909f56bfc062723c751e8b465ee728b)
Start importing Assets/boxes_pack/Materials/box_med.mat using Guid(963644726f4ac664b93746f576b2556d) Importer(815301076,1909f56bfc062723c751e8b465ee728b) (PreviewImporter) -> (artifact id: '4e73059e57d8b814d983a98bbcb3ae09') in 0.655552469 seconds
Number of updated asset objects reloaded before import = 0Number of asset objects unloaded after import = 4

========================================================================
Received Import Request.
  Time since last request: 0.000017 seconds.
  path: Assets/boxes_pack/Materials/pbr_box_supply.mat
  artifactKey: Guid(f7322d1245cced745b60f5b18bcbc68b) Importer(815301076,1909f56bfc062723c751e8b465ee728b)
Start importing Assets/boxes_pack/Materials/pbr_box_supply.mat using Guid(f7322d1245cced745b60f5b18bcbc68b) Importer(815301076,1909f56bfc062723c751e8b465ee728b) (PreviewImporter) -> (artifact id: 'f5c96880c4ccc7403e0a6dee83d894e0') in 0.657806486 seconds
Number of updated asset objects reloaded before import = 0Number of asset objects unloaded after import = 5

========================================================================
Received Import Request.
  Time since last request: 2.971758 seconds.
  path: Assets/boxes_pack/Prefab/box_med.prefab
  artifactKey: Guid(4cdcc6c16809ba5439c8798d9bb925f4) Importer(815301076,1909f56bfc062723c751e8b465ee728b)
Start importing Assets/boxes_pack/Prefab/box_med.prefab using Guid(4cdcc6c16809ba5439c8798d9bb925f4) Importer(815301076,1909f56bfc062723c751e8b465ee728b) (PreviewImporter) -> (artifact id: '29d5411f16b6828c190426ad5c143f74') in 0.007109278 seconds
Number of updated asset objects reloaded before import = 0Number of asset objects unloaded after import = 26

========================================================================
Received Import Request.
  Time since last request: 0.000014 seconds.
  path: Assets/boxes_pack/Prefab/pbr_box_supply.prefab
  artifactKey: Guid(a991ce3caab51f44889616a93b745f92) Importer(815301076,1909f56bfc062723c751e8b465ee728b)
Start importing Assets/boxes_pack/Prefab/pbr_box_supply.prefab using Guid(a991ce3caab51f44889616a93b745f92) Importer(815301076,1909f56bfc062723c751e8b465ee728b) (PreviewImporter) -> (artifact id: 'a111a88f5c30ebed7c14417a53546d98') in 0.005996955 seconds
Number of updated asset objects reloaded before import = 0Number of asset objects unloaded after import = 27

========================================================================
Received Import Request.
  Time since last request: 149.144926 seconds.
  path: Assets/UnityTechnologies/EffectExamples/Shared/Materials/Background.mat
  artifactKey: Guid(0ae8aab4ae40e7741a636cf6e5136a55) Importer(815301076,1909f56bfc062723c751e8b465ee728b)
Start importing Assets/UnityTechnologies/EffectExamples/Shared/Materials/Background.mat using Guid(0ae8aab4ae40e7741a636cf6e5136a55) Importer(815301076,1909f56bfc062723c751e8b465ee728b) (PreviewImporter) -> (artifact id: '324a84ba486e89fd9a70692da38c57a1') in 0.00510378 seconds
Number of updated asset objects reloaded before import = 0Number of asset objects unloaded after import = 2

========================================================================
Received Import Request.
  Time since last request: 0.000013 seconds.
  path: Assets/UnityTechnologies/EffectExamples/Shared/Models/BackGround.FBX
  artifactKey: Guid(f4527c479041fc040b53171204c086a5) Importer(815301076,1909f56bfc062723c751e8b465ee728b)
Start importing Assets/UnityTechnologies/EffectExamples/Shared/Models/BackGround.FBX using Guid(f4527c479041fc040b53171204c086a5) Importer(815301076,1909f56bfc062723c751e8b465ee728b) (PreviewImporter) -> (artifact id: 'ee18bdbf8a01794abeee3ef2440679fc') in 0.017664246 seconds
Number of updated asset objects reloaded before import = 0Number of asset objects unloaded after import = 8

========================================================================
Received Import Request.
  Time since last request: 0.000019 seconds.
  path: Assets/UnityTechnologies/EffectExamples/Blood/Materials/BloodPoolParticle.mat
  artifactKey: Guid(95be4df36eca6eb4b821dcab4acd4a1e) Importer(815301076,1909f56bfc062723c751e8b465ee728b)
Start importing Assets/UnityTechnologies/EffectExamples/Blood/Materials/BloodPoolParticle.mat using Guid(95be4df36eca6eb4b821dcab4acd4a1e) Importer(815301076,1909f56bfc062723c751e8b465ee728b) (PreviewImporter) -> (artifact id: '2ecf56f1f5a51ecc2c684eb1b8bf7ada') in 0.005778246 seconds
Number of updated asset objects reloaded before import = 0Number of asset objects unloaded after import = 3

========================================================================
Received Import Request.
  Time since last request: 1.940427 seconds.
  path: Assets/Settings/PC_Renderer.asset
  artifactKey: Guid(f288ae1f4751b564a96ac7587541f7a2) Importer(815301076,1909f56bfc062723c751e8b465ee728b)
Start importing Assets/Settings/PC_Renderer.asset using Guid(f288ae1f4751b564a96ac7587541f7a2) Importer(815301076,1909f56bfc062723c751e8b465ee728b) (PreviewImporter) -> (artifact id: 'faab6cc3a0eb7141fe31e2e91fd81ee8') in 0.000603207 seconds
Number of updated asset objects reloaded before import = 0Number of asset objects unloaded after import = 0

========================================================================
Received Import Request.
  Time since last request: 10.388755 seconds.
  path: Assets/Scripts/HUDManager.cs
  artifactKey: Guid(4f9efefe577fa97c592af9e108cc7536) Importer(2089858483,192608db42251d675da83286b1cce702)
Start importing Assets/Scripts/HUDManager.cs using Guid(4f9efefe577fa97c592af9e108cc7536) Importer(2089858483,192608db42251d675da83286b1cce702) (ScriptedImporter) -> (artifact id: '1beb85a87bb0d88f1d06ef59af40f413') in 0.155514214 seconds
Number of updated asset objects reloaded before import = 0Number of asset objects unloaded after import = 0

========================================================================
Received Import Request.
  Time since last request: 0.000019 seconds.
  path: Assets/boxes_pack/Materials/Textures/box_med_d.tga
  artifactKey: Guid(8dfc325dad8b9414eae914a9a53ff18a) Importer(2089858483,192608db42251d675da83286b1cce702)
Start importing Assets/boxes_pack/Materials/Textures/box_med_d.tga using Guid(8dfc325dad8b9414eae914a9a53ff18a) Importer(2089858483,192608db42251d675da83286b1cce702) (ScriptedImporter) -> (artifact id: '5a38e1691cfd21afec898b574ebafb4e') in 0.044375108 seconds
Number of updated asset objects reloaded before import = 0Number of asset objects unloaded after import = 1

========================================================================
Received Import Request.
  Time since last request: 0.000021 seconds.
  path: Assets/boxes_pack/Materials/Textures/box_supply_n.tga
  artifactKey: Guid(1ff954ecd5ba4f942a17104d3e596a3f) Importer(2089858483,192608db42251d675da83286b1cce702)
Start importing Assets/boxes_pack/Materials/Textures/box_supply_n.tga using Guid(1ff954ecd5ba4f942a17104d3e596a3f) Importer(2089858483,192608db42251d675da83286b1cce702) (ScriptedImporter) -> (artifact id: '76f0753cf3329a3dd2bb0a1f32a43873') in 0.005322519 seconds
Number of updated asset objects reloaded before import = 0Number of asset objects unloaded after import = 1

========================================================================
Received Import Request.
  Time since last request: 0.000014 seconds.
  path: Assets/boxes_pack/Materials/Textures/box_ammo_d.tga
  artifactKey: Guid(c39fb7ffff47bb24fb530b68c9b3b8ed) Importer(2089858483,192608db42251d675da83286b1cce702)
Start importing Assets/boxes_pack/Materials/Textures/box_ammo_d.tga using Guid(c39fb7ffff47bb24fb530b68c9b3b8ed) Importer(2089858483,192608db42251d675da83286b1cce702) (ScriptedImporter) -> (artifact id: 'a549f63c0ebd9fb13c193b393532fc27') in 0.005310709 seconds
Number of updated asset objects reloaded before import = 0Number of asset objects unloaded after import = 1

========================================================================
Received Import Request.
  Time since last request: 0.000013 seconds.
  path: Assets/boxes_pack/Materials/box_ammo.mat
  artifactKey: Guid(e79ae95429235264d93c3ad5628aa9a8) Importer(2089858483,192608db42251d675da83286b1cce702)
Start importing Assets/boxes_pack/Materials/box_ammo.mat using Guid(e79ae95429235264d93c3ad5628aa9a8) Importer(2089858483,192608db42251d675da83286b1cce702) (ScriptedImporter) -> (artifact id: 'c6cb3327105d83ffe7eda1867d4a5f3b') in 0.008047923 seconds
Number of updated asset objects reloaded before import = 0Number of asset objects unloaded after import = 4

========================================================================
Received Import Request.
  Time since last request: 0.000011 seconds.
  path: Assets/boxes_pack/Materials/Textures/box_med_n.tga
  artifactKey: Guid(2c50057e5ff03244ab446063d0d09a0d) Importer(2089858483,192608db42251d675da83286b1cce702)
Start importing Assets/boxes_pack/Materials/Textures/box_med_n.tga using Guid(2c50057e5ff03244ab446063d0d09a0d) Importer(2089858483,192608db42251d675da83286b1cce702) (ScriptedImporter) -> (artifact id: '80944c7f2a9db4ec8e0142073a18ba8d') in 0.004801662 seconds
Number of updated asset objects reloaded before import = 0Number of asset objects unloaded after import = 1

========================================================================
Received Import Request.
  Time since last request: 0.000014 seconds.
  path: Assets/boxes_pack/Materials/Textures/pbr_box_o.tga
  artifactKey: Guid(c4a0304cc500b264abd62544492c8389) Importer(2089858483,192608db42251d675da83286b1cce702)
Start importing Assets/boxes_pack/Materials/Textures/pbr_box_o.tga using Guid(c4a0304cc500b264abd62544492c8389) Importer(2089858483,192608db42251d675da83286b1cce702) (ScriptedImporter) -> (artifact id: '82bbf188d345c75cf0578b82febabdad') in 0.004880821 seconds
Number of updated asset objects reloaded before import = 0Number of asset objects unloaded after import = 1

========================================================================
Received Import Request.
  Time since last request: 0.000013 seconds.
  path: Assets/boxes_pack/Materials/Textures/pbr_box_supply_m.tga
  artifactKey: Guid(aa3c602c37f25d54e9ff2d743ef3355f) Importer(2089858483,192608db42251d675da83286b1cce702)
Start importing Assets/boxes_pack/Materials/Textures/pbr_box_supply_m.tga using Guid(aa3c602c37f25d54e9ff2d743ef3355f) Importer(2089858483,192608db42251d675da83286b1cce702) (ScriptedImporter) -> (artifact id: 'ecfd48b43b00e36a5c725fa0014580f8') in 0.005480167 seconds
Number of updated asset objects reloaded before import = 0Number of asset objects unloaded after import = 1

========================================================================
Received Import Request.
  Time since last request: 0.000012 seconds.
  path: Assets/boxes_pack/Materials/Textures/boxes.psd
  artifactKey: Guid(b1e4ea094a7a90e448bccbb4e2f59151) Importer(2089858483,192608db42251d675da83286b1cce702)
Start importing Assets/boxes_pack/Materials/Textures/boxes.psd using Guid(b1e4ea094a7a90e448bccbb4e2f59151) Importer(2089858483,192608db42251d675da83286b1cce702) (ScriptedImporter) -> (artifact id: 'b722dd02cd355466b32c6738d77ebf3c') in 0.005013961 seconds
Number of updated asset objects reloaded before import = 0Number of asset objects unloaded after import = 1

========================================================================
Received Import Request.
  Time since last request: 0.000013 seconds.
  path: Assets/boxes_pack/Mesh/ammo_box_anim.controller
  artifactKey: Guid(755db8c220f0dab418ccd01dbdc3057d) Importer(2089858483,192608db42251d675da83286b1cce702)
Start importing Assets/boxes_pack/Mesh/ammo_box_anim.controller using Guid(755db8c220f0dab418ccd01dbdc3057d) Importer(2089858483,192608db42251d675da83286b1cce702) (ScriptedImporter) -> (artifact id: 'deff93006e0fbf3f0f7defc5a5d6c8ac') in 0.001811909 seconds
Number of updated asset objects reloaded before import = 0Number of asset objects unloaded after import = 4

========================================================================
Received Import Request.
  Time since last request: 0.000012 seconds.
  path: Assets/boxes_pack/Materials/Textures/pbr_boxes.psd
  artifactKey: Guid(838ae3214c5bd8e4087bdc5722b59681) Importer(2089858483,192608db42251d675da83286b1cce702)
Start importing Assets/boxes_pack/Materials/Textures/pbr_boxes.psd using Guid(838ae3214c5bd8e4087bdc5722b59681) Importer(2089858483,192608db42251d675da83286b1cce702) (ScriptedImporter) -> (artifact id: '7c301defcd5592ab0debf7be1aeb9646') in 0.008014043 seconds
Number of updated asset objects reloaded before import = 0Number of asset objects unloaded after import = 1

========================================================================
Received Import Request.
  Time since last request: 0.000011 seconds.
  path: Assets/boxes_pack/Materials/pbr_box_supply.mat
  artifactKey: Guid(f7322d1245cced745b60f5b18bcbc68b) Importer(2089858483,192608db42251d675da83286b1cce702)
Start importing Assets/boxes_pack/Materials/pbr_box_supply.mat using Guid(f7322d1245cced745b60f5b18bcbc68b) Importer(2089858483,192608db42251d675da83286b1cce702) (ScriptedImporter) -> (artifact id: '44bc9eea7e76528ea8dbc147add0c1da') in 0.003656679 seconds
Number of updated asset objects reloaded before import = 0Number of asset objects unloaded after import = 5

========================================================================
Received Import Request.
  Time since last request: 0.000014 seconds.
  path: Assets/boxes_pack
  artifactKey: Guid(6774ef1a717b2c1159d701d8a1b94d6d) Importer(2089858483,192608db42251d675da83286b1cce702)
Start importing Assets/boxes_pack using Guid(6774ef1a717b2c1159d701d8a1b94d6d) Importer(2089858483,192608db42251d675da83286b1cce702) (ScriptedImporter) -> (artifact id: '91f7827b584efa2e802d0d78b6d6be79') in 0.001227972 seconds
Number of updated asset objects reloaded before import = 0Number of asset objects unloaded after import = 1

========================================================================
Received Import Request.
  Time since last request: 0.000018 seconds.
  path: Assets/boxes_pack/Materials/pbr_box_med.mat
  artifactKey: Guid(eaabdd2d0150a014eb2cf94f33aadfcc) Importer(2089858483,192608db42251d675da83286b1cce702)
Start importing Assets/boxes_pack/Materials/pbr_box_med.mat using Guid(eaabdd2d0150a014eb2cf94f33aadfcc) Importer(2089858483,192608db42251d675da83286b1cce702) (ScriptedImporter) -> (artifact id: 'b55e9fb080a4bf18f6ce8f7d7ae0189e') in 0.00339659 seconds
Number of updated asset objects reloaded before import = 0Number of asset objects unloaded after import = 5

========================================================================
Received Import Request.
  Time since last request: 0.000013 seconds.
  path: Assets/Resources/Pistol_Weapon.prefab
  artifactKey: Guid(1adea4131f50e9d258e17094d9ce9d08) Importer(2089858483,192608db42251d675da83286b1cce702)
Start importing Assets/Resources/Pistol_Weapon.prefab using Guid(1adea4131f50e9d258e17094d9ce9d08) Importer(2089858483,192608db42251d675da83286b1cce702) (ScriptedImporter) -> (artifact id: '888df7fb941002c8a1f88cbb4d1a32be') in 0.020291921 seconds
Number of updated asset objects reloaded before import = 0Number of asset objects unloaded after import = 7

========================================================================
Received Import Request.
  Time since last request: 0.000015 seconds.
  path: Assets/Resources/Rifle_Ammo.prefab
  artifactKey: Guid(36f6bddafb50d81f187793de19c4bcf8) Importer(2089858483,192608db42251d675da83286b1cce702)
Start importing Assets/Resources/Rifle_Ammo.prefab using Guid(36f6bddafb50d81f187793de19c4bcf8) Importer(2089858483,192608db42251d675da83286b1cce702) (ScriptedImporter) -> (artifact id: 'fcd904146c7374d1d1ce922525763c2e') in 0.004038557 seconds
Number of updated asset objects reloaded before import = 0Number of asset objects unloaded after import = 7

========================================================================
Received Import Request.
  Time since last request: 0.000012 seconds.
  path: Assets/boxes_pack/Materials/Textures/pbr_box_med_d.tga
  artifactKey: Guid(f884ab033fc325a488291d8fdbae0149) Importer(2089858483,192608db42251d675da83286b1cce702)
Start importing Assets/boxes_pack/Materials/Textures/pbr_box_med_d.tga using Guid(f884ab033fc325a488291d8fdbae0149) Importer(2089858483,192608db42251d675da83286b1cce702) (ScriptedImporter) -> (artifact id: '3a05944e686aba3884b2e7c4d7483ef7') in 0.007404886 seconds
Number of updated asset objects reloaded before import = 0Number of asset objects unloaded after import = 1

========================================================================
Received Import Request.
  Time since last request: 0.000012 seconds.
  path: Assets/boxes_pack/Materials/box_med.mat
  artifactKey: Guid(963644726f4ac664b93746f576b2556d) Importer(2089858483,192608db42251d675da83286b1cce702)
Start importing Assets/boxes_pack/Materials/box_med.mat using Guid(963644726f4ac664b93746f576b2556d) Importer(2089858483,192608db42251d675da83286b1cce702) (ScriptedImporter) -> (artifact id: '2d6fab8b806ae85b4c8c4e065b8cb64b') in 0.00328751 seconds
Number of updated asset objects reloaded before import = 0Number of asset objects unloaded after import = 4

========================================================================
Received Import Request.
  Time since last request: 0.000011 seconds.
  path: Assets/boxes_pack/Prefab/box_med.prefab
  artifactKey: Guid(4cdcc6c16809ba5439c8798d9bb925f4) Importer(2089858483,192608db42251d675da83286b1cce702)
Start importing Assets/boxes_pack/Prefab/box_med.prefab using Guid(4cdcc6c16809ba5439c8798d9bb925f4) Importer(2089858483,192608db42251d675da83286b1cce702) (ScriptedImporter) -> (artifact id: 'de54e13d17cfe1ced0982ddf225f58be') in 0.004114076 seconds
Number of updated asset objects reloaded before import = 0Number of asset objects unloaded after import = 22

========================================================================
Received Import Request.
  Time since last request: 0.000013 seconds.
  path: Assets/boxes_pack/Materials/Textures/pbr_box_med_m.tga
  artifactKey: Guid(622e92332ffa89648a9b956e59d20a75) Importer(2089858483,192608db42251d675da83286b1cce702)
Start importing Assets/boxes_pack/Materials/Textures/pbr_box_med_m.tga using Guid(622e92332ffa89648a9b956e59d20a75) Importer(2089858483,192608db42251d675da83286b1cce702) (ScriptedImporter) -> (artifact id: '3e924625cd1b86bf3df368bec1cd2488') in 0.005282829 seconds
Number of updated asset objects reloaded before import = 0Number of asset objects unloaded after import = 1

========================================================================
Received Prepare
Shader Hidden/ProbeVolume/VoxelizeScene is not supported: GPU does not support conservative rasterization
Refreshing native plugins compatible for Editor in 0.25 ms, found 0 plugins.
Preloading 0 native plugins for Editor in 0.00 ms.
Unloading 27 Unused Serialized files (Serialized files now loaded: 0)
Unloading 6798 unused Assets / (7.5 MB). Loaded Objects now: 7768.
Memory consumption went from 157.1 MB to 149.6 MB.
Total: 9.288065 ms (FindLiveObjects: 0.619236 ms CreateObjectMapping: 0.582357 ms MarkObjects: 5.906115 ms  DeleteObjects: 2.179587 ms)

Prepare: number of updated asset objects reloaded= 0
========================================================================
Received Prepare
Shader Hidden/ProbeVolume/VoxelizeScene is not supported: GPU does not support conservative rasterization
Refreshing native plugins compatible for Editor in 0.24 ms, found 0 plugins.
Preloading 0 native plugins for Editor in 0.00 ms.
Unloading 27 Unused Serialized files (Serialized files now loaded: 0)
Unloading 6796 unused Assets / (7.5 MB). Loaded Objects now: 7767.
Memory consumption went from 157.1 MB to 149.5 MB.
Total: 10.066771 ms (FindLiveObjects: 0.753896 ms CreateObjectMapping: 1.069024 ms MarkObjects: 5.986984 ms  DeleteObjects: 2.256167 ms)

Prepare: number of updated asset objects reloaded= 0
Editor requested this worker to shutdown with reason: Scaling down because of idle timeout
AssetImportWorker is now disconnected from the server
Process exiting

SDL leaked 2 allocations
Internal: Possible leak. All render target surfaces should be removed from IdMap when destructed using RenderTargetMap::Remove(RenderSurfaceBase* rs).
